<?xml version="1.0" encoding="UTF-8"?>
<!-- Generated by org.testng.reporters.JUnitReportReporter -->
<testsuite skipped="0" hostname="M2413202" name="SeleniumEasyAutomationTest.SimpleFormDemo" tests="1" failures="0" timestamp="31 Jul 2018 17:11:17 GMT" time="57.488" errors="0">
  <testcase name="JQuerySelectdropdownWithCategory" time="57.488" classname="SeleniumEasyAutomationTest.SimpleFormDemo"/>
</testsuite> <!-- SeleniumEasyAutomationTest.SimpleFormDemo -->
