<?xml version="1.0" encoding="UTF-8"?>
<!-- Generated by org.testng.reporters.JUnitReportReporter -->
<testsuite skipped="0" hostname="M2413202" name="parameters.ParameterWithTestNGXML" tests="1" failures="0" timestamp="30 Jul 2018 10:05:28 GMT" time="28.240" errors="0">
  <testcase name="parameterTest" time="28.240" classname="parameters.ParameterWithTestNGXML"/>
</testsuite> <!-- parameters.ParameterWithTestNGXML -->
